<?xml version="1.0" encoding="UTF-8"?>
<testsuite name="NumbersTest" tests="2" skipped="0" failures="0" errors="0" timestamp="2016-02-10T00:28:02" hostname="epicodus-55.local" time="0.002">
  <properties/>
  <testcase name="numbersToWords_returnsTheWrittenFormOfAnInteger_1" classname="NumbersTest" time="0.002"/>
  <testcase name="numbersToWords_returnsTheWrittenFormOfAnInteger_2" classname="NumbersTest" time="0.0"/>
  <system-out><![CDATA[]]></system-out>
  <system-err><![CDATA[]]></system-err>
</testsuite>
